\BOOKMARK [1][-]{section.1}{\376\377\000M\000e\000m\000b\000e\000r\000\040\000l\000i\000s\000t\000\040\000\046\000\040\000W\000o\000r\000k\000l\000o\000a\000d}{}% 1
\BOOKMARK [1][-]{section.2}{\376\377\000A\000p\000p\000l\000i\000c\000a\000t\000i\000o\000n\000\040\000s\000p\000e\000c\000i\000f\000i\000c\000a\000t\000i\000o\000n\000s\000\040\000a\000n\000d\000\040\000r\000e\000q\000u\000i\000r\000e\000m\000e\000n\000t\000s}{}% 2
\BOOKMARK [2][-]{subsection.2.1}{\376\377\000P\000r\000o\000j\000e\000c\000t\000\040\000o\000b\000j\000e\000c\000t\000i\000v\000e\000s}{section.2}% 3
\BOOKMARK [2][-]{subsection.2.2}{\376\377\000P\000r\000o\000j\000e\000c\000t\000\040\000s\000p\000e\000c\000i\000f\000i\000c\000a\000t\000i\000o\000n\000s\000\040\000a\000n\000d\000\040\000d\000e\000s\000c\000r\000i\000p\000t\000i\000o\000n}{section.2}% 4
\BOOKMARK [1][-]{section.3}{\376\377\000S\000y\000s\000t\000e\000m\000\040\000m\000o\000d\000e\000l\000i\000n\000g\000\040\000a\000n\000d\000\040\000a\000r\000c\000h\000i\000t\000e\000c\000t\000u\000r\000e\000\040\000d\000e\000s\000i\000g\000n}{}% 5
\BOOKMARK [2][-]{subsection.3.1}{\376\377\000G\000e\000n\000e\000r\000a\000l\000\040\000u\000s\000e\000-\000c\000a\000s\000e\000\040\000d\000i\000a\000g\000r\000a\000m}{section.3}% 6
\BOOKMARK [2][-]{subsection.3.2}{\376\377\000A\000c\000t\000i\000v\000i\000t\000y\000\040\000d\000i\000a\000g\000r\000a\000m\000\040\000m\000a\000i\000n\000\040\000f\000u\000n\000c\000t\000i\000o\000n\000s}{section.3}% 7
\BOOKMARK [3][-]{subsubsection.3.2.1}{\376\377\000p\000u\000b\000l\000i\000s\000h\000\040\000l\000n\000a\000m\000e\000\040\000f\000n\000a\000m\000e}{subsection.3.2}% 8
\BOOKMARK [3][-]{subsubsection.3.2.2}{\376\377\000f\000e\000t\000c\000h\000\040\000f\000n\000a\000m\000e}{subsection.3.2}% 9
\BOOKMARK [3][-]{subsubsection.3.2.3}{\376\377\000d\000e\000l\000e\000t\000e\000\040\000f\000n\000a\000m\000e}{subsection.3.2}% 10
\BOOKMARK [3][-]{subsubsection.3.2.4}{\376\377\000d\000i\000s\000c\000o\000v\000e\000r\000\040\000h\000o\000s\000t\000n\000a\000m\000e\000\040\000\050\000C\000l\000i\000e\000n\000t\000\040\000s\000i\000d\000e\000\051}{subsection.3.2}% 11
\BOOKMARK [3][-]{subsubsection.3.2.5}{\376\377\000l\000i\000s\000t}{subsection.3.2}% 12
\BOOKMARK [3][-]{subsubsection.3.2.6}{\376\377\000d\000i\000s\000c\000o\000v\000e\000r\000\040\000h\000o\000s\000t\000n\000a\000m\000e\000\040\000\050\000S\000e\000r\000v\000e\000r\000\040\000s\000i\000d\000e\000\051}{subsection.3.2}% 13
\BOOKMARK [3][-]{subsubsection.3.2.7}{\376\377\000p\000i\000n\000g\000\040\000h\000o\000s\000t\000n\000a\000m\000e}{subsection.3.2}% 14
\BOOKMARK [1][-]{section.4}{\376\377\000I\000m\000p\000l\000e\000m\000e\000n\000t\000\040\000a\000n\000d\000\040\000v\000a\000l\000i\000d\000a\000t\000i\000o\000n}{}% 15
\BOOKMARK [2][-]{subsection.4.1}{\376\377\000M\000a\000n\000u\000a\000l\000\040\000d\000o\000c\000u\000m\000e\000n\000t}{section.4}% 16
\BOOKMARK [3][-]{subsubsection.4.1.1}{\376\377\000S\000y\000s\000t\000e\000m\000\040\000r\000e\000q\000u\000i\000r\000e\000m\000e\000n\000t}{subsection.4.1}% 17
\BOOKMARK [3][-]{subsubsection.4.1.2}{\376\377\000C\000l\000i\000e\000n\000t\000\040\000U\000s\000e\000r\000\040\000C\000o\000n\000f\000i\000g\000u\000r\000a\000t\000i\000o\000n\000\040\000R\000e\000q\000u\000i\000r\000e\000m\000e\000n\000t}{subsection.4.1}% 18
\BOOKMARK [3][-]{subsubsection.4.1.3}{\376\377\000U\000s\000e\000r\000\040\000G\000u\000i\000d\000e}{subsection.4.1}% 19
\BOOKMARK [2][-]{subsection.4.2}{\376\377\000S\000o\000u\000r\000c\000e\000\040\000c\000o\000d\000e}{section.4}% 20
\BOOKMARK [2][-]{subsection.4.3}{\376\377\000V\000a\000l\000i\000d\000a\000t\000i\000o\000n\000\040\000a\000n\000d\000\040\000e\000v\000a\000l\000u\000a\000t\000i\000o\000n}{section.4}% 21
\BOOKMARK [3][-]{subsubsection.4.3.1}{\376\377\000T\000h\000\352\000m\000\040\000v\000\340\000\040\000x\000\363\000a\000\040\000f\000i\000l\000e\000\040\000t\036\353\000\040\000f\000i\000l\000e\000\040\000s\000y\000s\000t\000e\000m\000\040\000c\036\347\000a\000\040\000c\000l\000i\000e\000n\000t\000\040\000v\000\340\000o\000\040\000d\036\357\000\040\000l\000i\036\307\000u\000\040\000c\036\347\000a\000\040\000s\000e\000r\000v\000e\000r}{subsection.4.3}% 22
\BOOKMARK [3][-]{subsubsection.4.3.2}{\376\377\000T\000r\000u\000y\036\301\000n\000\040\000f\000i\000l\000e\000\040\000t\036\353\000\040\000m\036\331\000t\000\040\000c\000l\000i\000e\000n\000t\000\040\000s\000a\000n\000g\000\040\000c\000l\000i\000e\000n\000t\000\040\000k\000h\000\341\000c}{subsection.4.3}% 23
\BOOKMARK [3][-]{subsubsection.4.3.3}{\376\377\000P\000i\000n\000g\000\040\000t\036\353\000\040\000s\000e\000r\000v\000e\000r\000\040\000t\036\333\000i\000\040\000m\036\331\000t\000\040\000c\000l\000i\000e\000n\000t}{subsection.4.3}% 24
\BOOKMARK [3][-]{subsubsection.4.3.4}{\376\377\001\020\000\341\000n\000h\000\040\000g\000i\000\341\000\040\000t\000h\000e\000o\000\040\000m\000\364\000\040\000t\036\243\000\040\000t\000r\000o\000n\000g\000\040\000b\000\340\000i\000\040\000t\036\255\000p\000\040\000l\036\333\000n\000\040\0001}{subsection.4.3}% 25
